#AUDIOSCROBBLER/1.1
#TZ/UNKNOWN
#CLIENT/Rockbox sansaclipplus $Revision$
Machine Head	Unto The Locust	The Sentinel	8	308	L	1317390128	
Machine Head	Unto The Locust	The Sentinel	8	308	L	1317400023	
Machine Head	Unto The Locust	Witch Hunt	9	286	L	1317400152	
Machine Head	Unto The Locust	Darkness Within (Acoustic)	10	305	L	1317400438	
Mastodon	The Hunter	Black Tongue	1	207	L	1317453768	
Mastodon	The Hunter	Curl of the Burl	2	220	L	1317453975	
Mastodon	The Hunter	Blasteroid	3	155	L	1317454195	
Mastodon	The Hunter	Stargasm	4	279	L	1317454351	
Mastodon	The Hunter	Octopus Has No Friends	5	228	L	1317454631	
Mastodon	The Hunter	All the Heavy Lifting	6	271	L	1317454859	
Mastodon	The Hunter	The Hunter	7	317	L	1317455130	
Mastodon	The Hunter	Dry Bone Valley	8	239	L	1317455447	
Mastodon	The Hunter	Thickening	9	270	L	1317455687	
Mastodon	The Hunter	Creature Lives	10	281	L	1317455958	
Mastodon	The Hunter	Spectrelight	11	189	L	1317456239	
Mastodon	The Hunter	Bedazzled Fingernails	12	188	L	1317456429	
Mastodon	The Hunter	The Sparrow	13	330	L	1317456617	
Mastodon	The Hunter	Black Tongue	1	207	S	1317456948	
Machine Head	Unto The Locust	I am Hell (Sonata In C#)	1	505	L	1317456964	
Machine Head	Unto The Locust	Be Still and Know	2	343	L	1317457470	
Machine Head	Unto The Locust	Locust	3	456	L	1317457813	
Machine Head	Unto The Locust	This is the End	4	371	L	1317458269	
Machine Head	Unto The Locust	Darkness Within	5	387	L	1317458641	
Machine Head	Unto The Locust	Pearls Before the Swine	6	439	L	1317459028	
Machine Head	Unto The Locust	Who we are	7	431	L	1317459468	
Machine Head	Unto The Locust	The Sentinel	8	308	L	1317459898	
Machine Head	Unto The Locust	Witch Hunt	9	286	L	1317460207	
Machine Head	Unto The Locust	Darkness Within (Acoustic)	10	305	L	1317460493	
Machine Head	Unto The Locust	I am Hell (Sonata In C#)	1	505	L	1317460798	
Machine Head	Unto The Locust	Be Still and Know	2	343	L	1317461303	
Machine Head	Unto The Locust	Locust	3	456	L	1317461647	
Machine Head	Unto The Locust	This is the End	4	371	L	1317462103	
Machine Head	Unto The Locust	Darkness Within	5	387	L	1317462474	
Machine Head	Unto The Locust	Pearls Before the Swine	6	439	L	1317462862	
Machine Head	Unto The Locust	Who we are	7	431	L	1317463301	
Machine Head	Unto The Locust	The Sentinel	8	308	S	1317463711	
Machine Head	Unto The Locust	Witch Hunt	9	286	S	1317463711	
Machine Head	Unto The Locust	Darkness Within (Acoustic)	10	305	S	1317463711	
Machine Head	Unto The Locust	I am Hell (Sonata In C#)	1	505	L	1317463713	
Machine Head	Unto The Locust	Be Still and Know	2	343	L	1317464221	
Machine Head	Unto The Locust	Locust	3	456	L	1317464565	
Machine Head	Unto The Locust	This is the End	4	371	L	1317465021	
Machine Head	Unto The Locust	Darkness Within	5	387	L	1317465392	
Machine Head	Unto The Locust	Pearls Before the Swine	6	439	L	1317465780	
Machine Head	Unto The Locust	Who we are	7	431	L	1317466219	
Machine Head	Unto The Locust	The Sentinel	8	308	L	1317466650	
Machine Head	Unto The Locust	Witch Hunt	9	286	S	1317466958	
Machine Head	Unto The Locust	Locust	3	456	S	1317467005	
Machine Head	Unto The Locust	Be Still and Know	2	343	S	1317467007	
Machine Head	Unto The Locust	I am Hell (Sonata In C#)	1	505	S	1317467008	
Machine Head	Unto The Locust	Be Still and Know	2	343	L	1317467009	
Machine Head	Unto The Locust	Locust	3	456	L	1317467354	
Machine Head	Unto The Locust	This is the End	4	371	L	1317467810	
Machine Head	Unto The Locust	Darkness Within	5	387	L	1317468181	
Machine Head	Unto The Locust	Pearls Before the Swine	6	439	S	1317468569	
Machine Head	Unto The Locust	Darkness Within	5	387	S	1317468663	
Machine Head	Unto The Locust	This is the End	4	371	S	1317468664	
Machine Head	Unto The Locust	Locust	3	456	S	1317468665	
Machine Head	Unto The Locust	Be Still and Know	2	343	L	1317468666	
Machine Head	Unto The Locust	Locust	3	456	L	1317469010	
Machine Head	Unto The Locust	This is the End	4	371	L	1317469466	
Machine Head	Unto The Locust	Darkness Within	5	387	L	1317469838	
Machine Head	Unto The Locust	Darkness Within	5	387	S	1317481032	
Machine Head	Unto The Locust	This is the End	4	371	S	1317481034	
Machine Head	Unto The Locust	Locust	3	456	L	1317481036	
Machine Head	Unto The Locust	Locust	3	456	S	1317482884	
Machine Head	Unto The Locust	Locust	3	456	L	1317657703	
Machine Head	Unto The Locust	This is the End	4	371	L	1317657944	
Machine Head	Unto The Locust	Darkness Within	5	387	L	1317658315	
Machine Head	Unto The Locust	Pearls Before the Swine	6	439	L	1317658702	
Machine Head	Unto The Locust	Who we are	7	431	L	1317659142	
Machine Head	Unto The Locust	The Sentinel	8	308	S	1317659573	
Bloodbath	Resurrection Through Carnage	Cry my Name	10	280	L	1317716939	
Bloodbath	Resurrection Through Carnage	Ways to the Grave	1	249	L	1317717220	
Bloodbath	Resurrection Through Carnage	So You Die	2	198	L	1317717469	
Bloodbath	Resurrection Through Carnage	Mass Strangulation	3	212	L	1317717668	
Bloodbath	Resurrection Through Carnage	Death Delirium	4	306	L	1317717880	
Bloodbath	Resurrection Through Carnage	Buried by the Dead	5	194	L	1317718186	
Bloodbath	Resurrection Through Carnage	The Soulcollector	6	217	L	1317718380	
Bloodbath	Resurrection Through Carnage	The Soulcollector	6	217	S	1317803821	
Vital Remains	Dechristianize	Dechristianize	2	534	L	1318529199	
Vital Remains	Dechristianize	Infidel	3	376	L	1318529734	
Vital Remains	Dechristianize	Devoured Elysium	4	343	L	1318530110	
Vital Remains	Dechristianize	Savior To None... Failure For All...	5	395	L	1318530453	
Vital Remains	Dechristianize	Unleashed Hell	6	356	S	1318530849	
Vital Remains	Dechristianize	Unleashed Hell	6	356	L	1318577635	
Vital Remains	Dechristianize	Rush Of Deliverance	7	426	L	1318577836	
Vital Remains	Dechristianize	At War With God	8	473	L	1318578263	
Vital Remains	Dechristianize	Entwined By Vengeance	9	597	S	1318578736	
Vital Remains	Dechristianize	Entwined By Vengeance	9	597	L	1318604103	
Vital Remains	Dechristianize	Let The Killing Begin	1	117	L	1318604510	
Vital Remains	Dechristianize	Dechristianize	2	534	L	1318604627	
Vital Remains	Dechristianize	Infidel	3	376	L	1318605161	
Vital Remains	Dechristianize	Devoured Elysium	4	343	L	1318605537	
Vital Remains	Dechristianize	Savior To None... Failure For All...	5	395	L	1318605880	
Vital Remains	Dechristianize	Unleashed Hell	6	356	L	1318606276	
The Prodigy	Invaders Must Die	Black Smoke	12	206	L	1318618010	
The Prodigy	Invaders Must Die	Fighter Beat	13	212	L	1318618217	
The Prodigy	Invaders Must Die	Invaders Must Die	1	295	L	1318618429	
The Prodigy	Invaders Must Die	Omen	2	216	S	1318618724	
Slayer	Diabolus In Musica	Bitter Peace	1	271	L	1318618746	
Slayer	Diabolus In Musica	Death's Head	2	209	L	1318619019	
Slayer	Diabolus In Musica	Stain Of Mind	3	205	L	1318619228	
Slayer	Diabolus In Musica	Overt Enemy	4	281	L	1318619433	
Slayer	Diabolus In Musica	Perversions Of Pain	5	210	L	1318619715	
Slayer	Diabolus In Musica	Love To Hate	6	185	L	1318619925	
Slayer	Diabolus In Musica	Desire	7	258	L	1318620111	
Slayer	Diabolus In Musica	In The Name Of God	8	218	L	1318620369	
Slayer	Diabolus In Musica	Scrum	9	138	L	1318620587	
Slayer	Diabolus In Musica	Screaming From The Sky	10	192	L	1318620726	
Slayer	Diabolus In Musica	Point	11	252	L	1318620918	
Slayer	Diabolus In Musica	Bitter Peace	1	271	L	1318621171	
Slayer	Diabolus In Musica	Death's Head	2	209	L	1318621442	
Slayer	Diabolus In Musica	Stain Of Mind	3	205	L	1318621652	
Slayer	Diabolus In Musica	Overt Enemy	4	281	L	1318621857	
Slayer	Diabolus In Musica	Perversions Of Pain	5	210	L	1318622138	
Slayer	Diabolus In Musica	Love To Hate	6	185	L	1318622349	
Slayer	Diabolus In Musica	Desire	7	258	L	1318622534	
Slayer	Diabolus In Musica	In The Name Of God	8	218	L	1318622793	
Opeth	Blackwater Park	The Drapery Falls	4	653	L	1318838450	
Opeth	Blackwater Park	The Drapery Falls	4	653	L	1318879624	
Bloodbath	Resurrection Through Carnage	Cry my Name	10	280	L	1318879636	
Bloodbath	Resurrection Through Carnage	Ways to the Grave	1	249	S	1318879917	
Bloodbath	Resurrection Through Carnage	Cry my Name	10	280	L	1318879983	
Bloodbath	Resurrection Through Carnage	Ways to the Grave	1	249	L	1318880264	
Bloodbath	Resurrection Through Carnage	So You Die	2	198	L	1318880513	
Bloodbath	Resurrection Through Carnage	Mass Strangulation	3	212	L	1318880712	
Agathodaimon	Serpent's Embrace	Faded Years	5	341	L	1319740702	
Agathodaimon	Serpent's Embrace	Solitude	6	342	L	1319741043	
Agathodaimon	Serpent's Embrace	Limbs Of A Stare	7	328	L	1319741385	
Agathodaimon	Serpent's Embrace	The Darkness Inside	8	300	S	1319741713	
Agathodaimon	Serpent's Embrace	The Darkness Inside	8	300	S	1319802403	
Nine Inch Nails	Halo 02 - Pretty Hate Machine	Head Like a Hole	1	299	L	1319802422	
Nine Inch Nails	Halo 02 - Pretty Hate Machine	Terrible Lie	2	279	L	1319802722	
Nine Inch Nails	Halo 02 - Pretty Hate Machine	Down In It	3	226	L	1319803002	
Nine Inch Nails	Halo 02 - Pretty Hate Machine	Sanctified	4	348	L	1319803228	
Nine Inch Nails	Halo 02 - Pretty Hate Machine	Something I Can Never have	5	355	L	1319803577	
Nine Inch Nails	Halo 02 - Pretty Hate Machine	Kinda I Want To	6	273	L	1319803932	
Nine Inch Nails	Halo 02 - Pretty Hate Machine	Sin	7	246	L	1319804206	
Nine Inch Nails	Halo 02 - Pretty Hate Machine	That's What I Get	8	270	L	1319804452	
Nine Inch Nails	Halo 02 - Pretty Hate Machine	The Only Time	9	288	L	1319804723	
Nine Inch Nails	Halo 02 - Pretty Hate Machine	Ringfinger	10	341	L	1319805010	
Nine Inch Nails	Halo 02 - Pretty Hate Machine	Head Like a Hole	1	299	S	1319805352	
Nine Inch Nails	Halo 08 - The Downward Spiral	Mr. Self Destruct	1	270	L	1319805389	
Nine Inch Nails	Halo 08 - The Downward Spiral	Piggy	2	264	L	1319805660	
Nine Inch Nails	Halo 08 - The Downward Spiral	Heresy	3	234	L	1319805924	
Nine Inch Nails	Halo 08 - The Downward Spiral	March Of The Pigs	4	178	L	1319806159	
Nine Inch Nails	Halo 08 - The Downward Spiral	Closer	5	373	L	1319806337	
Nine Inch Nails	Halo 08 - The Downward Spiral	Ruiner	6	299	L	1319806710	
Nine Inch Nails	Halo 08 - The Downward Spiral	The Becoming	7	331	L	1319807009	
Nine Inch Nails	Halo 08 - The Downward Spiral	I Do Not Want This	8	341	L	1319807341	
Nine Inch Nails	Halo 08 - The Downward Spiral	Big Man With A Gun	9	96	L	1319807682	
Nine Inch Nails	Halo 08 - The Downward Spiral	A Warm Place	10	203	L	1319807779	
Nine Inch Nails	Halo 08 - The Downward Spiral	Eraser	11	293	L	1319807982	
Nine Inch Nails	Halo 08 - The Downward Spiral	Reptile	12	412	L	1319808275	
Nine Inch Nails	Halo 08 - The Downward Spiral	The Downward Spiral	13	237	L	1319808688	
Nine Inch Nails	Halo 08 - The Downward Spiral	Hurt	14	376	L	1319808925	
Nine Inch Nails	Halo 08 - The Downward Spiral	Mr. Self Destruct	1	270	L	1319809301	
Nine Inch Nails	Halo 08 - The Downward Spiral	Piggy	2	264	L	1319809572	
Nine Inch Nails	Halo 08 - The Downward Spiral	Heresy	3	234	L	1319809836	
Nine Inch Nails	Halo 08 - The Downward Spiral	March Of The Pigs	4	178	L	1319810071	
Nine Inch Nails	Halo 08 - The Downward Spiral	Closer	5	373	L	1319810249	
Nine Inch Nails	Halo 08 - The Downward Spiral	Ruiner	6	299	L	1319810622	
Nine Inch Nails	Halo 08 - The Downward Spiral	The Becoming	7	331	L	1319810921	
Nine Inch Nails	Halo 08 - The Downward Spiral	I Do Not Want This	8	341	L	1319811253	
Nine Inch Nails	Halo 08 - The Downward Spiral	Big Man With A Gun	9	96	L	1319811594	
Nine Inch Nails	Halo 08 - The Downward Spiral	A Warm Place	10	203	L	1319811691	
Nine Inch Nails	Halo 08 - The Downward Spiral	Eraser	11	293	L	1319811894	
Nine Inch Nails	Halo 08 - The Downward Spiral	Reptile	12	412	L	1319812187	
Bloodbath	Resurrection Through Carnage	Cry my Name	10	280	L	1319812437	
Bloodbath	Resurrection Through Carnage	Ways to the Grave	1	249	L	1319812719	
Bloodbath	Resurrection Through Carnage	So You Die	2	198	L	1319812968	
Bloodbath	Resurrection Through Carnage	Mass Strangulation	3	212	L	1319813167	
Bloodbath	Resurrection Through Carnage	Death Delirium	4	306	L	1319813379	
Bloodbath	Resurrection Through Carnage	Buried by the Dead	5	194	L	1319813685	
Bloodbath	Resurrection Through Carnage	The Soulcollector	6	217	L	1319813879	
Bloodbath	Resurrection Through Carnage	Bathe in Blood	7	251	L	1319814097	
Bloodbath	Resurrection Through Carnage	Trail of Insects	8	276	L	1319814348	
Bloodbath	Resurrection Through Carnage	Like Fire	9	274	L	1319814624	
Bloodbath	Resurrection Through Carnage	Cry my Name	10	280	L	1319814899	
Anthrax	Stomp 442	Random Acts Of Senseless Violence	1	242	L	1323088468	
Anthrax	Stomp 442	Fueled	2	242	L	1323088711	
Anthrax	Stomp 442	King Size	3	239	L	1323088953	
Anthrax	Stomp 442	Riding Shotgun	4	266	L	1323089193	
Anthrax	Stomp 442	Perpetual Motion	5	260	L	1323089460	
Anthrax	Stomp 442	In A Zone	6	307	L	1323089720	
Anthrax	Stomp 442	In A Zone	6	307	L	1323109310	
Anthrax	Stomp 442	Nothing	7	274	L	1323109445	
Anthrax	Stomp 442	American Pompeii	8	330	L	1323109719	
Anthrax	Stomp 442	Drop The Ball	9	299	L	1323110049	
Anthrax	Stomp 442	Tester	10	261	L	1323110349	
Anthrax	Stomp 442	Bare	11	331	L	1323110610	
Anthrax	Stomp 442	Random Acts Of Senseless Violence	1	242	L	1323110941	
Anthrax	Stomp 442	Fueled	2	242	L	1323111184	
Anthrax	Stomp 442	King Size	3	239	L	1323111426	
Anthrax	Stomp 442	King Size	3	239	L	1323173777	
Iwrestledabearonce	Ruining it for Everyone	Next visible delicious	1	160	L	1323173801	
Iwrestledabearonce	Ruining it for Everyone	You know that ain't them dogs real voices	2	178	L	1323173961	
Iwrestledabearonce	Ruining it for Everyone	Deodorant can't fix ugly	3	197	L	1323174139	
Iwrestledabearonce	Ruining it for Everyone	This head music makes my eyes hurt	4	204	L	1323174336	
Iwrestledabearonce	Ruining it for Everyone	Gold Jacket, Green Jacket	6	144	L	1323174541	
Iwrestledabearonce	Ruining it for Everyone	Break it down Camacho	7	173	L	1323174685	
Iwrestledabearonce	Ruining it for Everyone	Stay to the right	8	149	L	1323174858	
Iwrestledabearonce	Ruining it for Everyone	I'm gonna shoot	9	157	L	1323175007	
Lamb of God	As the Palaces burn	Ruin	1	234	L	1323196515	
Lamb of God	As the Palaces burn	As the Palaces burn	2	144	L	1323196750	
Lamb of God	As the Palaces burn	Purified	3	190	L	1323196895	
Lamb of God	As the Palaces burn	11th Hour	4	224	L	1323197086	
Lamb of God	As the Palaces burn	For your Malice	5	223	L	1323197310	
Lamb of God	As the Palaces burn	Boot Scraper	6	274	L	1323197533	
Lamb of God	As the Palaces burn	A Devil in God's Country	7	194	L	1323197808	
Lamb of God	As the Palaces burn	In Defense of our Good Name	8	250	L	1323198002	
Lamb of God	As the Palaces burn	Blood Junkie	9	263	L	1323198253	
Lamb of God	As the Palaces burn	Vigil	10	283	L	1323198516	
Lamb of God	As the Palaces burn	Ruin	1	234	S	1323198799	
